\BOOKMARK [1][-]{section.1}{\376\377\000S\000t\000e\000p\000\040\000S\000i\000g\000n\000a\000l\000\040\000a\000s\000\040\000f\000\050\000t\000\051}{}% 1
\BOOKMARK [2][-]{subsubsection.1.0.1}{\376\377\000I\000n\000t\000e\000r\000p\000r\000e\000t\000a\000t\000i\000o\000n\000:}{section.1}% 2
\BOOKMARK [2][-]{subsection.1.1}{\376\377\000S\000o\000l\000u\000t\000i\000o\000n\000\040\000U\000s\000i\000n\000g\000\040\000S\000t\000e\000p\000\040\000F\000u\000n\000c\000t\000i\000o\000n}{section.1}% 3
\BOOKMARK [3][-]{subsubsection.1.1.1}{\376\377\000S\000t\000a\000n\000d\000a\000r\000d\000\040\000C\000o\000n\000v\000o\000l\000u\000t\000i\000o\000n\000\040\000\040\000y\000\050\000t\000\051\000\040\000=\000\040\000\050\000f\000\040\000*\000\040\000h\000\051\000\050\000t\000\051\000\040}{subsection.1.1}% 4
\BOOKMARK [3][-]{subsubsection.1.1.2}{\376\377\000B\000e\000h\000a\000v\000i\000o\000r\000\040\000A\000n\000a\000l\000y\000s\000i\000s\000:}{subsection.1.1}% 5
\BOOKMARK [3][-]{subsubsection.1.1.3}{\376\377\000M\000o\000d\000i\000f\000i\000e\000d\000\040\000K\000e\000r\000n\000e\000l\000\040\000\050\000O\000n\000l\000y\000\040\000\040\000t\000\040\000>\000\040\0000\000\040\000\051\000\040\000\050\000P\000a\000r\000t\000\040\000a\000\051}{subsection.1.1}% 6
\BOOKMARK [3][-]{subsubsection.1.1.4}{\376\377\000C\000o\000m\000p\000a\000r\000i\000s\000o\000n\000\040\000w\000i\000t\000h\000\040\000O\000r\000i\000g\000i\000n\000a\000l\000\040\000K\000e\000r\000n\000e\000l\000:}{subsection.1.1}% 7
\BOOKMARK [3][-]{subsubsection.1.1.5}{\376\377\000S\000h\000i\000f\000t\000e\000d\000\040\000K\000e\000r\000n\000e\000l\000\040\000b\000y\000\040\000\040\0000\000\040\000\040\000\050\000P\000a\000r\000t\000\040\000b\000\051}{subsection.1.1}% 8
\BOOKMARK [3][-]{subsubsection.1.1.6}{\376\377\000S\000i\000g\000n\000i\000f\000i\000c\000a\000n\000c\000e\000\040\000i\000n\000\040\000T\000i\000m\000e\000-\000D\000e\000l\000a\000y\000e\000d\000\040\000S\000y\000s\000t\000e\000m\000s\000:}{subsection.1.1}% 9
\BOOKMARK [2][-]{subsection.1.2}{\376\377\000C\000o\000n\000c\000l\000u\000s\000i\000o\000n}{section.1}% 10
\BOOKMARK [3][-]{subsubsection.1.2.1}{\376\377\000C\000o\000m\000p\000a\000r\000i\000s\000i\000o\000n\000\040\000o\000f\000\040\000a\000l\000l\000\040\000c\000a\000s\000e\000s}{subsection.1.2}% 11
\BOOKMARK [1][-]{section.2}{\376\377\000E\000x\000p\000o\000n\000e\000n\000t\000i\000a\000l\000\040\000a\000s\000\040\000f\000\050\000t\000\051}{}% 12
\BOOKMARK [2][-]{subsection.2.1}{\376\377\000S\000t\000a\000n\000d\000a\000r\000d\000\040\000C\000o\000n\000v\000o\000l\000u\000t\000i\000o\000n}{section.2}% 13
\BOOKMARK [3][-]{subsubsection.2.1.1}{\376\377\000G\000e\000n\000e\000r\000a\000l\000\040\000S\000o\000l\000u\000t\000i\000o\000n}{subsection.2.1}% 14
\BOOKMARK [3][-]{subsubsection.2.1.2}{\376\377\000T\000i\000m\000e\000\040\000D\000o\000m\000a\000i\000n\000\040\000A\000n\000a\000l\000y\000s\000i\000s}{subsection.2.1}% 15
\BOOKMARK [2][-]{subsection.2.2}{\376\377\000M\000o\000d\000i\000f\000i\000e\000d\000\040\000K\000e\000r\000n\000e\000l\000\040\000\050\000t\000\040\000>\000\040\0000\000\051}{section.2}% 16
\BOOKMARK [3][-]{subsubsection.2.2.1}{\376\377\000K\000e\000r\000n\000e\000l\000\040\000D\000e\000f\000i\000n\000i\000t\000i\000o\000n}{subsection.2.2}% 17
\BOOKMARK [3][-]{subsubsection.2.2.2}{\376\377\000C\000o\000n\000v\000o\000l\000u\000t\000i\000o\000n\000\040\000R\000e\000s\000u\000l\000t}{subsection.2.2}% 18
\BOOKMARK [2][-]{subsection.2.3}{\376\377\000T\000i\000m\000e\000-\000S\000h\000i\000f\000t\000e\000d\000\040\000K\000e\000r\000n\000e\000l}{section.2}% 19
\BOOKMARK [3][-]{subsubsection.2.3.1}{\376\377\000K\000e\000r\000n\000e\000l\000\040\000D\000e\000f\000i\000n\000i\000t\000i\000o\000n}{subsection.2.3}% 20
\BOOKMARK [3][-]{subsubsection.2.3.2}{\376\377\000C\000o\000n\000v\000o\000l\000u\000t\000i\000o\000n\000\040\000R\000e\000s\000u\000l\000t}{subsection.2.3}% 21
\BOOKMARK [2][-]{subsection.2.4}{\376\377\000C\000o\000n\000c\000l\000u\000s\000i\000o\000n}{section.2}% 22
\BOOKMARK [3][-]{subsubsection.2.4.1}{\376\377\000T\000i\000m\000e\000-\000I\000n\000v\000a\000r\000i\000a\000n\000c\000e\000\040\000A\000n\000a\000l\000y\000s\000i\000s}{subsection.2.4}% 23
\BOOKMARK [1][-]{section.3}{\376\377\000S\000i\000n\000u\000s\000o\000i\000d\000a\000l\000\040\000a\000s\000\040\000f\000\050\000t\000\051\000\040\000w\000i\000t\000h\000\040\000H\000a\000l\000f\000-\000B\000o\000x\000\040\000K\000e\000r\000n\000e\000l}{}% 24
\BOOKMARK [2][-]{subsection.3.1}{\376\377\000M\000o\000d\000i\000f\000y\000\040\000t\000h\000e\000\040\000k\000e\000r\000n\000e\000l\000\040\000t\000o\000\040\000o\000n\000l\000y\000\040\000c\000o\000n\000s\000i\000d\000e\000r\000\040\000t\000h\000e\000\040\000p\000a\000r\000t\000\040\000o\000f\000\040\000t\000h\000e\000\040\000k\000e\000r\000n\000e\000l\000\040\000f\000o\000r\000\040\000\040\000t\000\040\000>\000\040\0000\000\040\000.\000\040\000H\000o\000w\000\040\000d\000o\000e\000s\000\040\000t\000h\000i\000s\000\040\000a\000f\000f\000e\000c\000t\000\040\000t\000h\000e\000\040\000c\000o\000n\000v\000o\000l\000u\000t\000i\000o\000n\000\040\000r\000e\000s\000u\000l\000t\000?}{section.3}% 25
\BOOKMARK [3][-]{subsubsection.3.1.1}{\376\377\000A\000n\000a\000l\000y\000t\000i\000c}{subsection.3.1}% 26
\BOOKMARK [2][-]{subsection.3.2}{\376\377\000E\000x\000t\000e\000n\000d\000e\000d\000\040\000G\000r\000a\000p\000h\000i\000c\000a\000l\000\040\000a\000n\000d\000\040\000A\000n\000a\000l\000y\000t\000i\000c\000a\000l\000\040\000A\000n\000a\000l\000y\000s\000i\000s}{section.3}% 27
\BOOKMARK [3][-]{subsubsection.3.2.1}{\376\377\000E\000f\000f\000e\000c\000t\000\040\000o\000f\000\040\000A\000m\000p\000l\000i\000t\000u\000d\000e\000\040\000\040\000A\000\040}{subsection.3.2}% 28
\BOOKMARK [3][-]{subsubsection.3.2.2}{\376\377\000E\000f\000f\000e\000c\000t\000\040\000o\000f\000\040\000A\000n\000g\000u\000l\000a\000r\000\040\000F\000r\000e\000q\000u\000e\000n\000c\000y\000\040\000\040}{subsection.3.2}% 29
\BOOKMARK [3][-]{subsubsection.3.2.3}{\376\377\000E\000f\000f\000e\000c\000t\000\040\000o\000f\000\040\000P\000u\000l\000s\000e\000\040\000W\000i\000d\000t\000h\000\040\000\040\000T\000\040}{subsection.3.2}% 30
\BOOKMARK [3][-]{subsubsection.3.2.4}{\376\377\000A\000m\000p\000l\000i\000t\000u\000d\000e\000\040\000R\000a\000t\000i\000o\000\040\000v\000s\000\040\000A\000n\000g\000u\000l\000a\000r\000\040\000F\000r\000e\000q\000u\000e\000n\000c\000y}{subsection.3.2}% 31
\BOOKMARK [3][-]{subsubsection.3.2.5}{\376\377\000E\000f\000f\000e\000c\000t\000\040\000o\000f\000\040\000P\000h\000a\000s\000e\000\040\000\040}{subsection.3.2}% 32
\BOOKMARK [3][-]{subsubsection.3.2.6}{\376\377\000S\000p\000e\000c\000i\000a\000l\000\040\000O\000b\000s\000e\000r\000v\000a\000t\000i\000o\000n\000s}{subsection.3.2}% 33
\BOOKMARK [2][-]{subsection.3.3}{\376\377\000C\000o\000n\000v\000o\000l\000u\000t\000i\000o\000n\000\040\000w\000i\000t\000h\000\040\000V\000a\000r\000y\000i\000n\000g\000\040\000P\000a\000r\000a\000m\000e\000t\000e\000r\000s}{section.3}% 34
\BOOKMARK [2][-]{subsection.3.4}{\376\377\000C\000o\000n\000c\000l\000u\000s\000i\000o\000n}{section.3}% 35
